<?xml version='1.0'?>
<ns2:test-suite xmlns:ns2='urn:model.allure.qatools.yandex.ru' start='1652810766977' stop='1652810800688'>
    <name>Access Admin Panel</name>
    <title>Access Admin Panel</title>
    <test-cases>
        <test-case start='1652810766977' status='broken' stop='1652810800677'>
            <name>Login</name>
            <title>Login</title>
            <labels>
                <label name='language' value='javascript'/>
                <label name='framework' value='wdio'/>
                <label name='thread' value='0-0'/>
            </labels>
            <parameters>
                <parameter kind='argument' name='device' value='TestesEbacs 12.0-12'/>
            </parameters>
            <steps/>
            <attachments>
                <attachment title='Execution video' source='78184210-a938-4163-9906-4eddea3839a4-attachment.mp4' type='video/mp4' size='191'/>
            </attachments>
            <failure>
                <message>org.eclipse.wst.xml.xpath2.processor.XPathParserException: CUP parser error: Parser error: line 1 col 55: )</message>
                <stack-trace>invalid selector: org.eclipse.wst.xml.xpath2.processor.XPathParserException: CUP parser error: Parser error: line 1 col 55: )
                    at getErrorFromResponseBody (C:\Users\Gabriel Roquim QA\OneDrive\EBAC\Módulo 17 - Testes Mobile - Parte 2\MobileShop\A17-Exercicio\node_modules\webdriver\build\utils.js:197:12)
                    at NodeJSRequest._request (C:\Users\Gabriel Roquim QA\OneDrive\EBAC\Módulo 17 - Testes Mobile - Parte 2\MobileShop\A17-Exercicio\node_modules\webdriver\build\request\index.js:158:60)
                    at processTicksAndRejections (node:internal/process/task_queues:96:5)
                    at async Browser.wrapCommandFn (C:\Users\Gabriel Roquim QA\OneDrive\EBAC\Módulo 17 - Testes Mobile - Parte 2\MobileShop\A17-Exercicio\node_modules\@wdio\utils\build\shim.js:137:29)
                    at async Browser.$ (C:\Users\Gabriel Roquim QA\OneDrive\EBAC\Módulo 17 - Testes Mobile - Parte 2\MobileShop\A17-Exercicio\node_modules\webdriverio\build\commands\browser\$.js:91:17)
                    at async Browser.wrapCommandFn (C:\Users\Gabriel Roquim QA\OneDrive\EBAC\Módulo 17 - Testes Mobile - Parte 2\MobileShop\A17-Exercicio\node_modules\@wdio\utils\build\shim.js:137:29)
                    at async myStoreScreen.ebacShop (C:\Users\Gabriel Roquim QA\OneDrive\EBAC\Módulo 17 - Testes Mobile - Parte 2\MobileShop\A17-Exercicio\test\screens\myStore.screen.js:23:9)
                    at async Context.&lt;anonymous> (C:\Users\Gabriel Roquim QA\OneDrive\EBAC\Módulo 17 - Testes Mobile - Parte 2\MobileShop\A17-Exercicio\test\specs\cadastroProduto.spec.js:22:15)</stack-trace>
            </failure>
        </test-case>
    </test-cases>
</ns2:test-suite>