<?xml version='1.0'?>
<ns2:test-suite xmlns:ns2='urn:model.allure.qatools.yandex.ru' start='1651707015015' stop='1651707044708'>
    <name>Access Admin Panel</name>
    <title>Access Admin Panel</title>
    <test-cases>
        <test-case start='1651707015015' status='broken' stop='1651707044700'>
            <name>should login with valid credentials</name>
            <title>should login with valid credentials</title>
            <labels>
                <label name='language' value='javascript'/>
                <label name='framework' value='wdio'/>
                <label name='thread' value='0-0'/>
            </labels>
            <parameters>
                <parameter kind='argument' name='device' value='TesteEbacs 12.0-12'/>
            </parameters>
            <steps/>
            <attachments>
                <attachment title='Execution video' source='815595f1-7fe6-4464-b4d7-9c3645c89f3a-attachment.mp4' type='video/mp4' size='221'/>
            </attachments>
            <failure>
                <message>org.eclipse.wst.xml.xpath2.processor.XPathParserException: CUP parser error: Parser error: line 1 col 57: )</message>
                <stack-trace>invalid selector: org.eclipse.wst.xml.xpath2.processor.XPathParserException: CUP parser error: Parser error: line 1 col 57: )
                    at getErrorFromResponseBody (C:\Users\Gabriel Roquim QA\OneDrive\EBAC\Módulo 17 - Testes Mobile - Parte 2\MobileShop\A17-Exercicio\node_modules\webdriver\build\utils.js:197:12)
                    at NodeJSRequest._request (C:\Users\Gabriel Roquim QA\OneDrive\EBAC\Módulo 17 - Testes Mobile - Parte 2\MobileShop\A17-Exercicio\node_modules\webdriver\build\request\index.js:158:60)
                    at processTicksAndRejections (node:internal/process/task_queues:96:5)
                    at async Browser.wrapCommandFn (C:\Users\Gabriel Roquim QA\OneDrive\EBAC\Módulo 17 - Testes Mobile - Parte 2\MobileShop\A17-Exercicio\node_modules\@wdio\utils\build\shim.js:137:29)
                    at async Browser.$ (C:\Users\Gabriel Roquim QA\OneDrive\EBAC\Módulo 17 - Testes Mobile - Parte 2\MobileShop\A17-Exercicio\node_modules\webdriverio\build\commands\browser\$.js:91:17)
                    at async Browser.wrapCommandFn (C:\Users\Gabriel Roquim QA\OneDrive\EBAC\Módulo 17 - Testes Mobile - Parte 2\MobileShop\A17-Exercicio\node_modules\@wdio\utils\build\shim.js:137:29)
                    at async AdicProdutosScreen.clickDescribeYourProduct (C:\Users\Gabriel Roquim QA\OneDrive\EBAC\Módulo 17 - Testes Mobile - Parte 2\MobileShop\A17-Exercicio\test\screens\adicionaProdutos.screen.js:20:9)
                    at async Context.&lt;anonymous> (C:\Users\Gabriel Roquim QA\OneDrive\EBAC\Módulo 17 - Testes Mobile - Parte 2\MobileShop\A17-Exercicio\test\specs\cadastroProduto.spec.js:28:9)</stack-trace>
            </failure>
        </test-case>
    </test-cases>
</ns2:test-suite>